2024-04-22 15:03:47 - INFO - hacka noodles
2024-04-23 08:05:12 - INFO - gini role dhosa
2024-04-23 16:33:06 - INFO - dhokli
2024-04-24 14:00:32 - INFO - dhokli
2024-04-24 14:02:15 - INFO - penda
2024-04-24 14:04:49 - INFO - ladva
2024-04-24 14:14:10 - INFO - chiken pasta
2024-05-04 10:47:57 - INFO - Burger pasta
2024-06-21 11:22:14 - INFO - vadapav
2024-06-21 11:23:15 - INFO - vadapav
2024-06-27 22:12:22 - INFO - pasta
2024-06-27 22:12:36 - INFO - pastas
2024-06-27 22:15:27 - INFO - pastas
2024-06-27 22:15:46 - INFO - meggi
2024-06-27 22:29:45 - INFO - tawa pulav
2024-06-27 22:32:14 - INFO - tawa pulavs
2024-06-28 19:48:16 - INFO - Sandwich
2024-06-28 21:25:21 - INFO - vadapav
2024-06-28 21:25:47 - INFO - pizza
2024-06-28 21:26:10 - INFO - veg dhosa
2024-06-28 21:26:34 - INFO - manchuriyan
2024-06-28 21:29:34 - INFO - kacchi dabeli
2024-06-28 21:29:53 - INFO - kacchi dabeli
2024-06-28 21:35:55 - INFO - bhakharvadi
2024-06-28 22:40:38 - INFO - khaman
2024-06-28 22:40:54 - INFO - Dhokli
2024-06-28 22:41:07 - INFO - Kachori
2024-06-28 22:41:26 - INFO - gathiya
2024-06-28 22:47:43 - INFO - Thepla
2024-06-28 22:48:22 - INFO - palak panner
2024-06-28 22:53:43 - INFO - pastas
2024-06-28 22:53:59 - INFO - khaman
2024-06-28 22:54:38 - INFO - khaman
2024-06-28 23:26:51 - INFO - pastas
2024-06-28 23:27:13 - INFO - meggi
2024-10-24 06:06:08 - INFO - vadapav
2024-10-24 06:18:48 - INFO - Burger
2024-10-24 07:07:36 - INFO - dhokla
2024-10-24 07:07:47 - INFO - dhokla
2024-10-24 07:12:26 - INFO - dhokla
2024-10-24 07:14:07 - INFO - dhokla
2024-10-24 07:19:10 - INFO - Paneer Lifafa
2024-10-24 07:20:16 - INFO - Paneer Lifafa
2024-10-24 07:21:19 - INFO - Paneer Lifafa
2024-10-24 07:32:06 - INFO - Khaman
2024-10-24 07:37:12 - INFO - vadapav
2024-10-24 07:38:16 - INFO - khaman
2024-10-24 07:39:47 - INFO - Burger
2024-10-24 07:40:49 - INFO - Burger
2024-10-24 10:27:11 - INFO - Burger
2024-10-24 10:27:38 - INFO - Khaman
2024-10-24 10:38:05 - INFO - Khaman
2024-10-24 10:38:22 - INFO - Kajukatli
2024-10-24 10:52:53 - INFO - Pizza
2024-10-24 12:18:31 - INFO - Burger
2024-10-24 22:03:49 - INFO - vadapav
2024-10-24 22:23:47 - INFO - Khaman
2024-10-24 22:25:46 - INFO - Khaman
2024-10-24 22:26:32 - INFO - Khaman
2024-10-24 22:27:13 - INFO - Khaman
2024-10-24 22:28:03 - INFO - Khaman
2024-10-24 22:31:04 - INFO - Khaman
2024-10-24 22:32:48 - INFO - Khaman
2024-10-24 22:35:02 - INFO - Khaman
2024-10-24 22:35:11 - INFO - Khaman
