2024-04-22 15:03:38 - INFO - Generating recipe with ingredients: hacka noodles, cooking time: , meal preference: 
2024-04-23 08:04:47 - INFO - Generating recipe with ingredients: , cooking time: , meal preference: 
2024-04-23 08:05:02 - INFO - Generating recipe with ingredients: gini role dhosa, cooking time: , meal preference: 
2024-04-23 08:06:21 - INFO - Generating recipe with ingredients: , cooking time: , meal preference: 
2024-04-23 08:09:07 - INFO - Generating recipe with ingredients: , cooking time: , meal preference: 
2024-04-23 08:09:12 - INFO - Generating recipe with ingredients: , cooking time: , meal preference: 
2024-04-23 08:25:52 - INFO - Generating recipe with ingredients: , cooking time: , meal preference: 
2024-04-23 16:17:17 - INFO - Generating recipe with ingredients: dhokli, cooking time: , meal preference: 
2024-04-23 16:18:04 - INFO - Generating recipe with ingredients: Dhokli, cooking time: , meal preference: 
2024-04-23 16:20:30 - INFO - Generating recipe with ingredients: ice pasta, cooking time: , meal preference: 
2024-04-23 16:31:41 - INFO - Generating recipe with ingredients: ice pasta, cooking time: , meal preference: 
2024-04-23 16:31:49 - INFO - Generating recipe with ingredients: ice pasta, cooking time: , meal preference: 
2024-04-23 16:32:53 - INFO - Generating recipe with ingredients: dhokli, cooking time: , meal preference: 
2024-04-24 14:00:16 - INFO - Generating recipe with ingredients: dhokli, cooking time: , meal preference: 
2024-04-24 14:00:21 - INFO - Generating recipe with ingredients: dhokli, cooking time: , meal preference: 
2024-04-24 14:02:06 - INFO - Generating recipe with ingredients: penda, cooking time: , meal preference: 
2024-04-24 14:04:42 - INFO - Generating recipe with ingredients: ladva, cooking time: , meal preference: 
2024-04-24 14:13:59 - INFO - Generating recipe with ingredients: chiken pasta, cooking time: , meal preference: 
2024-05-04 10:47:28 - INFO - Generating recipe with ingredients: Burger pasta, cooking time: , meal preference: 
2024-05-04 10:47:38 - INFO - Generating recipe with ingredients: Burger pasta, cooking time: , meal preference: 
2024-06-21 11:22:05 - INFO - Generating recipe with ingredients: vadapav, cooking time: , meal preference: 
2024-06-21 11:23:08 - INFO - Generating recipe with ingredients: vadapav, cooking time: , meal preference: 
2024-06-21 11:26:41 - INFO - Generating recipe with ingredients: vadapav, cooking time: , meal preference: 
2024-06-21 11:30:20 - INFO - Generating recipe with ingredients: vadapav, cooking time: , meal preference: 
2024-06-21 11:31:05 - INFO - Generating recipe with ingredients: vadapav, cooking time: , meal preference: 
2024-06-21 15:14:10 - INFO - Generating recipe with ingredients: vadapav, cooking time: , meal preference: 
2024-06-21 15:25:00 - INFO - Generating recipe with ingredients: vadapav, cooking time: , meal preference: , exclude ingredients: [], substitutions: []
2024-06-21 15:26:30 - INFO - Generating recipe with ingredients: vadapav, cooking time: , meal preference: , exclude ingredients: [], substitutions: []
2024-06-21 15:27:16 - INFO - Generating recipe with ingredients: vadapav, cooking time: , meal preference: , exclude ingredients: [], substitutions: []
2024-06-21 18:44:36 - INFO - Generating recipe with ingredients: Vadapav, cooking time: 20, meal preference: snack
2024-06-21 18:45:04 - INFO - Generating recipe with ingredients: Vadapav, cooking time: , meal preference: 
2024-06-27 22:11:44 - INFO - Generating recipe with ingredients: Vadapav, cooking time: , meal preference: 
2024-06-27 22:11:53 - INFO - Generating recipe with ingredients: Vadapav, cooking time: , meal preference: 
2024-06-27 22:12:12 - INFO - Generating recipe with ingredients: pasta, cooking time: , meal preference: 
2024-06-27 22:12:28 - INFO - Generating recipe with ingredients: pastas, cooking time: , meal preference: 
2024-06-27 22:15:15 - INFO - Generating recipe with ingredients: pastas, cooking time: , meal preference: 
2024-06-27 22:15:37 - INFO - Generating recipe with ingredients: meggi, cooking time: , meal preference: 
2024-06-27 22:29:36 - INFO - Generating recipe with ingredients: tawa pulav, cooking time: , meal preference: 
2024-06-27 22:32:02 - INFO - Generating recipe with ingredients: tawa pulavs, cooking time: , meal preference: 
2024-06-28 19:48:07 - INFO - Generating recipe with ingredients: Sandwich., cooking time: , meal preference: 
2024-06-28 19:48:51 - INFO - Generating recipe with ingredients: machurian Sendwish, cooking time: , meal preference: 
2024-06-28 21:25:11 - INFO - Generating recipe with ingredients: vadapav, cooking time: , meal preference: 
2024-06-28 21:25:38 - INFO - Generating recipe with ingredients: pizza, cooking time: , meal preference: 
2024-06-28 21:26:00 - INFO - Generating recipe with ingredients: veg dhosa, cooking time: , meal preference: 
2024-06-28 21:26:26 - INFO - Generating recipe with ingredients: manchuriyan, cooking time: , meal preference: 
2024-06-28 21:29:24 - INFO - Generating recipe with ingredients: kacchi dabeli, cooking time: , meal preference: 
2024-06-28 21:29:44 - INFO - Generating recipe with ingredients: kacchi dabeli, cooking time: , meal preference: 
2024-06-28 21:35:43 - INFO - Generating recipe with ingredients: bhakharvadi, cooking time: , meal preference: 
2024-06-28 22:35:50 - INFO - Generating recipe with ingredients: Katles, cooking time: , meal preference: 
2024-06-28 22:36:13 - INFO - Generating recipe with ingredients: khaman, cooking time: , meal preference: 
2024-06-28 22:40:30 - INFO - Generating recipe with ingredients: khaman, cooking time: , meal preference: 
2024-06-28 22:40:47 - INFO - Generating recipe with ingredients: Dhokli, cooking time: , meal preference: 
2024-06-28 22:41:01 - INFO - Generating recipe with ingredients: Kachori, cooking time: , meal preference: 
2024-06-28 22:41:18 - INFO - Generating recipe with ingredients: gathiya, cooking time: , meal preference: 
2024-06-28 22:47:36 - INFO - Generating recipe with ingredients: Thepla, cooking time: , meal preference: 
2024-06-28 22:48:14 - INFO - Generating recipe with ingredients: palak panner, cooking time: , meal preference: 
2024-06-28 22:53:34 - INFO - Generating recipe with ingredients: pastas, cooking time: , meal preference: 
2024-06-28 22:53:52 - INFO - Generating recipe with ingredients: khaman, cooking time: , meal preference: 
2024-06-28 22:54:30 - INFO - Generating recipe with ingredients: khaman, cooking time: , meal preference: 
2024-06-28 23:26:44 - INFO - Generating recipe with ingredients: pastas, cooking time: , meal preference: 
2024-06-28 23:27:06 - INFO - Generating recipe with ingredients: meggi, cooking time: , meal preference: 
2024-10-24 06:06:02 - INFO - Generating recipe with ingredients: vadapav, cooking time: , meal preference: 
2024-10-24 06:18:41 - INFO - Generating recipe with ingredients: Burger, cooking time: , meal preference: 
2024-10-24 06:23:37 - INFO - Generating recipe with ingredients: dhokla, cooking time: , meal preference: 
2024-10-24 06:25:31 - INFO - Generating recipe with ingredients: dhokla, cooking time: , meal preference: 
2024-10-24 06:25:39 - INFO - Generating recipe with ingredients: dhokla, cooking time: , meal preference: 
2024-10-24 07:07:17 - INFO - Generating recipe with ingredients: dhokla, cooking time: , meal preference: 
2024-10-24 07:07:32 - INFO - Generating recipe with ingredients: dhokla, cooking time: , meal preference: 
2024-10-24 07:12:09 - INFO - Generating recipe with ingredients: dhokla, cooking time: , meal preference: 
2024-10-24 07:13:50 - INFO - Generating recipe with ingredients: dhokla, cooking time: , meal preference: 
2024-10-24 07:18:53 - INFO - Generating recipe with ingredients: Paneer Lifafa, cooking time: , meal preference: 
2024-10-24 07:19:58 - INFO - Generating recipe with ingredients: Paneer Lifafa, cooking time: , meal preference: 
2024-10-24 07:21:01 - INFO - Generating recipe with ingredients: Paneer Lifafa, cooking time: , meal preference: 
2024-10-24 07:31:07 - INFO - Generating recipe with ingredients: Khaman, cooking time: 40, meal preference: snack
2024-10-24 07:36:57 - INFO - Generating recipe with ingredients: vadapav, cooking time: 25, meal preference: 
2024-10-24 07:37:45 - INFO - Generating recipe with ingredients: khaman, cooking time: 25, meal preference: 
2024-10-24 07:39:33 - INFO - Generating recipe with ingredients: Burger, cooking time: 25, meal preference: 
2024-10-24 07:40:19 - INFO - Generating recipe with ingredients: Burger, cooking time: 25, meal preference: 
2024-10-24 10:26:59 - INFO - Generating recipe with ingredients: Burger, cooking time: , meal preference: 
2024-10-24 10:27:21 - INFO - Generating recipe with ingredients: Khaman, cooking time: , meal preference: 
2024-10-24 10:37:49 - INFO - Generating recipe with ingredients: Khaman, cooking time: , meal preference: 
2024-10-24 10:38:02 - INFO - Generating recipe with ingredients: Kajukatli, cooking time: , meal preference: 
2024-10-24 10:52:37 - INFO - Generating recipe with ingredients: Pizza, cooking time: , meal preference: 
2024-10-24 12:18:13 - INFO - Generating recipe with ingredients: Burger, cooking time: , meal preference: 
2024-10-24 22:03:31 - INFO - Generating recipe with ingredients: vadapav, cooking time: , meal preference: 
2024-10-24 22:12:33 - INFO - Generating recipe with ingredients: Kajukatali, cooking time: , meal preference: 
2024-10-24 22:13:30 - INFO - Generating recipe with ingredients: Kajukatali, cooking time: , meal preference: 
2024-10-24 22:13:33 - INFO - Generating recipe with ingredients: Kajukatali, cooking time: , meal preference: 
2024-10-24 22:14:30 - INFO - Generating recipe with ingredients: Kajukatali, cooking time: , meal preference: 
2024-10-24 22:22:25 - INFO - User requested a recipe for: Khaman with ingredients: []
2024-10-24 22:23:29 - INFO - Generating recipe with ingredients: Khaman, cooking time: , meal preference: 
2024-10-24 22:25:29 - INFO - Generating recipe with ingredients: Khaman, cooking time: , meal preference: 
2024-10-24 22:26:16 - INFO - Generating recipe with ingredients: Khaman, cooking time: , meal preference: 
2024-10-24 22:26:52 - INFO - Generating recipe with ingredients: Khaman, cooking time: , meal preference: 
2024-10-24 22:27:45 - INFO - Generating recipe with ingredients: Khaman, cooking time: , meal preference: 
2024-10-24 22:30:43 - INFO - Generating recipe with ingredients: Khaman, cooking time: , meal preference: 
2024-10-24 22:32:30 - INFO - Generating recipe with ingredients: Khaman, cooking time: , meal preference: 
2024-10-24 22:34:42 - INFO - Generating recipe with ingredients: Khaman, cooking time: , meal preference: 
2024-10-24 22:34:53 - INFO - Generating recipe with ingredients: Khaman, cooking time: , meal preference: 
